<?xml version="1.0" encoding="UTF-8"?>
<testsuite xmlns:xsi="http://www.w3.org/2001/XMLSchema-instance" xsi:noNamespaceSchemaLocation="https://maven.apache.org/surefire/maven-surefire-plugin/xsd/surefire-test-report-3.0.xsd" version="3.0" name="org.exemple.demo.AppTest" time="0.013" tests="1" errors="0" skipped="0" failures="0">
  <properties>
    <property name="java.specification.version" value="17"/>
    <property name="sun.jnu.encoding" value="UTF-8"/>
    <property name="java.class.path" value="/home/solarhis/Documents/Gege/FORMATION/ArchitecteLogiciel/Projet/P11/exemples/mon-appli/target/test-classes:/home/solarhis/Documents/Gege/FORMATION/ArchitecteLogiciel/Projet/P11/exemples/mon-appli/target/classes:/home/solarhis/bin/dev/maven/repository/org/apache/struts/struts2-core/2.5.10.1/struts2-core-2.5.10.1.jar:/home/solarhis/bin/dev/maven/repository/org/freemarker/freemarker/2.3.23/freemarker-2.3.23.jar:/home/solarhis/bin/dev/maven/repository/ognl/ognl/3.1.12/ognl-3.1.12.jar:/home/solarhis/bin/dev/maven/repository/org/javassist/javassist/3.20.0-GA/javassist-3.20.0-GA.jar:/home/solarhis/bin/dev/maven/repository/org/apache/logging/log4j/log4j-api/2.7/log4j-api-2.7.jar:/home/solarhis/bin/dev/maven/repository/commons-fileupload/commons-fileupload/1.3.2/commons-fileupload-1.3.2.jar:/home/solarhis/bin/dev/maven/repository/commons-io/commons-io/2.4/commons-io-2.4.jar:/home/solarhis/bin/dev/maven/repository/org/apache/commons/commons-lang3/3.4/commons-lang3-3.4.jar:/home/solarhis/bin/dev/maven/repository/org/apache/struts/struts2-json-plugin/2.5.10.1/struts2-json-plugin-2.5.10.1.jar:/home/solarhis/bin/dev/maven/repository/junit/junit/3.8.1/junit-3.8.1.jar:"/>
    <property name="java.vm.vendor" value="Oracle Corporation"/>
    <property name="sun.arch.data.model" value="64"/>
    <property name="java.vendor.url" value="https://java.oracle.com/"/>
    <property name="os.name" value="Linux"/>
    <property name="java.vm.specification.version" value="17"/>
    <property name="sun.java.launcher" value="SUN_STANDARD"/>
    <property name="user.country" value="FR"/>
    <property name="sun.boot.library.path" value="/home/solarhis/bin/dev/java/openjdk-17.0.2/lib"/>
    <property name="sun.java.command" value="/home/solarhis/Documents/Gege/FORMATION/ArchitecteLogiciel/Projet/P11/exemples/mon-appli/target/surefire/surefirebooter-20230221151644701_3.jar /home/solarhis/Documents/Gege/FORMATION/ArchitecteLogiciel/Projet/P11/exemples/mon-appli/target/surefire 2023-02-21T15-16-44_543-jvmRun1 surefire-20230221151644701_1tmp surefire_0-20230221151644701_2tmp"/>
    <property name="jdk.debug" value="release"/>
    <property name="surefire.test.class.path" value="/home/solarhis/Documents/Gege/FORMATION/ArchitecteLogiciel/Projet/P11/exemples/mon-appli/target/test-classes:/home/solarhis/Documents/Gege/FORMATION/ArchitecteLogiciel/Projet/P11/exemples/mon-appli/target/classes:/home/solarhis/bin/dev/maven/repository/org/apache/struts/struts2-core/2.5.10.1/struts2-core-2.5.10.1.jar:/home/solarhis/bin/dev/maven/repository/org/freemarker/freemarker/2.3.23/freemarker-2.3.23.jar:/home/solarhis/bin/dev/maven/repository/ognl/ognl/3.1.12/ognl-3.1.12.jar:/home/solarhis/bin/dev/maven/repository/org/javassist/javassist/3.20.0-GA/javassist-3.20.0-GA.jar:/home/solarhis/bin/dev/maven/repository/org/apache/logging/log4j/log4j-api/2.7/log4j-api-2.7.jar:/home/solarhis/bin/dev/maven/repository/commons-fileupload/commons-fileupload/1.3.2/commons-fileupload-1.3.2.jar:/home/solarhis/bin/dev/maven/repository/commons-io/commons-io/2.4/commons-io-2.4.jar:/home/solarhis/bin/dev/maven/repository/org/apache/commons/commons-lang3/3.4/commons-lang3-3.4.jar:/home/solarhis/bin/dev/maven/repository/org/apache/struts/struts2-json-plugin/2.5.10.1/struts2-json-plugin-2.5.10.1.jar:/home/solarhis/bin/dev/maven/repository/junit/junit/3.8.1/junit-3.8.1.jar:"/>
    <property name="sun.cpu.endian" value="little"/>
    <property name="user.home" value="/home/solarhis"/>
    <property name="user.language" value="fr"/>
    <property name="java.specification.vendor" value="Oracle Corporation"/>
    <property name="java.version.date" value="2022-01-18"/>
    <property name="java.home" value="/home/solarhis/bin/dev/java/openjdk-17.0.2"/>
    <property name="file.separator" value="/"/>
    <property name="basedir" value="/home/solarhis/Documents/Gege/FORMATION/ArchitecteLogiciel/Projet/P11/exemples/mon-appli"/>
    <property name="java.vm.compressedOopsMode" value="Zero based"/>
    <property name="line.separator" value="&#10;"/>
    <property name="java.vm.specification.vendor" value="Oracle Corporation"/>
    <property name="java.specification.name" value="Java Platform API Specification"/>
    <property name="surefire.real.class.path" value="/home/solarhis/Documents/Gege/FORMATION/ArchitecteLogiciel/Projet/P11/exemples/mon-appli/target/surefire/surefirebooter-20230221151644701_3.jar"/>
    <property name="sun.management.compiler" value="HotSpot 64-Bit Tiered Compilers"/>
    <property name="java.runtime.version" value="17.0.2+8-86"/>
    <property name="user.name" value="solarhis"/>
    <property name="path.separator" value=":"/>
    <property name="os.version" value="5.15.0-60-generic"/>
    <property name="java.runtime.name" value="OpenJDK Runtime Environment"/>
    <property name="file.encoding" value="UTF-8"/>
    <property name="java.vm.name" value="OpenJDK 64-Bit Server VM"/>
    <property name="localRepository" value="/home/solarhis/bin/dev/maven/repository"/>
    <property name="java.vendor.url.bug" value="https://bugreport.java.com/bugreport/"/>
    <property name="java.io.tmpdir" value="/tmp"/>
    <property name="java.version" value="17.0.2"/>
    <property name="user.dir" value="/home/solarhis/Documents/Gege/FORMATION/ArchitecteLogiciel/Projet/P11/exemples/mon-appli"/>
    <property name="os.arch" value="amd64"/>
    <property name="java.vm.specification.name" value="Java Virtual Machine Specification"/>
    <property name="native.encoding" value="UTF-8"/>
    <property name="java.library.path" value="/usr/java/packages/lib:/usr/lib64:/lib64:/lib:/usr/lib"/>
    <property name="java.vm.info" value="mixed mode, sharing"/>
    <property name="java.vendor" value="Oracle Corporation"/>
    <property name="java.vm.version" value="17.0.2+8-86"/>
    <property name="sun.io.unicode.encoding" value="UnicodeLittle"/>
    <property name="java.class.version" value="61.0"/>
  </properties>
  <testcase name="testApp" classname="org.exemple.demo.AppTest" time="0.001"/>
</testsuite>